\BOOKMARK [0][-]{chapter*.4}{\376\377\004\022\004\062\004\065\004\064\004\065\004\075\004\070\004\065}{}% 1
\BOOKMARK [0][-]{chapter.1}{\376\377\004\037\004\076\004\101\004\102\004\060\004\075\004\076\004\062\004\072\004\060\000\040\004\067\004\060\004\064\004\060\004\107\004\070}{}% 2
\BOOKMARK [0][-]{chapter.2}{\376\377\004\036\004\061\004\067\004\076\004\100\000\040\004\101\004\100\004\065\004\064\004\101\004\102\004\062\000\040\004\100\004\060\004\067\004\100\004\060\004\061\004\076\004\102\004\072\004\070\000\040\004\074\004\076\004\064\004\103\004\073\004\117}{}% 3
\BOOKMARK [1][-]{section.2.1}{\376\377\004\041\004\100\004\065\004\064\004\101\004\102\004\062\004\060\000\040\004\100\004\060\004\067\004\100\004\060\004\061\004\076\004\102\004\072\004\070}{chapter.2}% 4
\BOOKMARK [2][-]{subsection.2.1.1}{\376\377\004\044\004\100\004\065\004\071\004\074\004\062\004\076\004\100\004\072\000\040\000Y\000i\000i\0002}{section.2.1}% 5
\BOOKMARK [2][-]{subsection.2.1.2}{\376\377\004\041\004\043\004\021\004\024\000\040\000M\000a\000r\000i\000a\000D\000B}{section.2.1}% 6
\BOOKMARK [2][-]{subsection.2.1.3}{\376\377\004\044\004\100\004\065\004\071\004\074\004\062\004\076\004\100\004\072\000\040\000D\0003}{section.2.1}% 7
\BOOKMARK [2][-]{subsection.2.1.4}{\376\377\004\041\004\070\004\101\004\102\004\065\004\074\004\060\000\040\004\102\004\065\004\101\004\102\004\070\004\100\004\076\004\062\004\060\004\075\004\070\004\117\000\040\000C\000o\000d\000e\000c\000e\000p\000t\000i\000o\000n}{section.2.1}% 8
\BOOKMARK [1][-]{section.2.2}{\376\377\004\036\004\101\004\075\004\076\004\062\004\075\004\113\004\065\000\040\004\101\004\102\004\100\004\103\004\072\004\102\004\103\004\100\004\113\000\040\004\105\004\100\004\060\004\075\004\065\004\075\004\070\004\117\000\040\004\064\004\065\004\100\004\065\004\062\004\114\004\065\004\062\000\040\004\062\000\040\004\061\004\060\004\067\004\065\000\040\004\064\004\060\004\075\004\075\004\113\004\105}{chapter.2}% 9
\BOOKMARK [2][-]{subsection.2.2.1}{\376\377\004\041\004\077\004\070\004\101\004\076\004\072\000\040\004\101\004\074\004\065\004\066\004\075\004\076\004\101\004\102\004\070}{section.2.2}% 10
\BOOKMARK [2][-]{subsection.2.2.2}{\376\377\004\037\004\065\004\100\004\065\004\107\004\070\004\101\004\073\004\065\004\075\004\070\004\065\000\040\004\077\004\103\004\102\004\065\004\071}{section.2.2}% 11
\BOOKMARK [2][-]{subsection.2.2.3}{\376\377\004\022\004\073\004\076\004\066\004\065\004\075\004\075\004\113\004\065\000\040\004\074\004\075\004\076\004\066\004\065\004\101\004\102\004\062\004\060}{section.2.2}% 12
\BOOKMARK [2][-]{subsection.2.2.4}{\376\377\004\042\004\060\004\061\004\073\004\070\004\106\004\060\000\040\004\067\004\060\004\074\004\113\004\072\004\060\004\075\004\070\004\071}{section.2.2}% 13
\BOOKMARK [0][-]{chapter.3}{\376\377\004\040\004\065\004\060\004\073\004\070\004\067\004\060\004\106\004\070\004\117\000\040\004\070\000\040\004\102\004\065\004\101\004\102\004\070\004\100\004\076\004\062\004\060\004\075\004\070\004\065\000\040\004\101\004\070\004\101\004\102\004\065\004\074\004\113}{}% 14
\BOOKMARK [1][-]{section.3.1}{\376\377\004\040\004\060\004\061\004\076\004\102\004\060\000\040\004\101\000\040\004\061\004\060\004\067\004\060\004\074\004\070\000\040\004\064\004\060\004\075\004\075\004\113\004\105\000\040\004\062\000\040\004\104\004\100\004\065\004\071\004\074\004\062\004\076\004\100\004\072\004\065\000\040\000Y\000i\000i\0002\000\040\004\101\000\040\004\077\004\076\004\074\004\076\004\111\004\114\004\116\000\040\004\100\004\060\004\101\004\110\004\070\004\100\004\065\004\075\004\070\004\117\000\040\000Y\000i\000i\000\040\000D\000A\000O}{chapter.3}% 15
\BOOKMARK [2][-]{subsection.3.1.1}{\376\377\004\034\004\065\004\102\004\076\004\064\000\040\040\034\000y\000i\000i\000"\0000\0002\0006\000E\0003\0000\000F\000\040\000d\000b\000"\0000\0002\0006\000E\0003\0000\000F\000\040\000C\000o\000n\000n\000e\000c\000t\000i\000o\000n\000"\0000\0002\0006\000E\0003\0000\000F\000\040\000c\000r\000e\000a\000t\000e\000C\000o\000m\000m\000a\000n\000d\000\050\000\051\040\035}{section.3.1}% 16
\BOOKMARK [1][-]{section.3.2}{\376\377\004\032\004\073\004\060\004\101\004\101\000\040\040\034\000y\000i\000i\000"\0000\0002\0006\000E\0003\0000\000F\000\040\000d\000b\000"\0000\0002\0006\000E\0003\0000\000F\000\040\000A\000c\000t\000i\000v\000e\000R\000e\000c\000o\000r\000d\040\035}{chapter.3}% 17
\BOOKMARK [2][-]{subsection.3.2.1}{\376\377\004\034\004\065\004\102\004\076\004\064\000\040\000s\000a\000v\000e\000\050\000\051}{section.3.2}% 18
\BOOKMARK [2][-]{subsection.3.2.2}{\376\377\004\034\004\065\004\102\004\076\004\064\000\040\000f\000i\000n\000d\000O\000n\000e\000\050\000\044\000i\000d\000\051}{section.3.2}% 19
\BOOKMARK [2][-]{subsection.3.2.3}{\376\377\004\034\004\065\004\102\004\076\004\064\004\113\000\040\004\103\004\064\004\060\004\073\004\065\004\075\004\070\004\117\000\040\004\067\004\060\004\077\004\070\004\101\004\065\004\071\000\040\004\070\004\067\000\040\004\102\004\060\004\061\004\073\004\070\004\106\004\113\000\040\004\061\004\060\004\067\004\113\000\040\004\064\004\060\004\075\004\075\004\113\004\105\000\040\000d\000e\000l\000e\000t\000e\000\050\000\051\000\040\004\070\000\040\000d\000e\000l\000e\000t\000e\000A\000l\000l\000\050\000\051}{section.3.2}% 20
\BOOKMARK [2][-]{subsection.3.2.4}{\376\377\004\034\004\065\004\102\004\076\004\064\004\113\000\040\004\070\004\067\004\074\004\065\004\075\004\065\004\075\004\070\004\117\000\040\004\067\004\060\004\077\004\070\004\101\004\065\004\071\000\040\004\061\004\060\004\067\004\113\000\040\004\064\004\060\004\075\004\075\004\113\004\105\000\040\000u\000p\000d\000a\000t\000e\000\050\000\051\000\040\004\070\000\040\000u\000p\000d\000a\000t\000e\000A\000l\000l\000\050\000\051}{section.3.2}% 21
\BOOKMARK [1][-]{section.3.3}{\376\377\004\036\004\077\004\070\004\101\004\060\004\075\004\070\004\065\000\040\004\100\004\065\004\060\004\073\004\070\004\067\004\076\004\062\004\060\004\075\004\075\004\113\004\105\000\040\004\072\004\073\004\060\004\101\004\101\004\076\004\062}{chapter.3}% 22
\BOOKMARK [2][-]{subsection.3.3.1}{\376\377\004\032\004\073\004\060\004\101\004\101\000\040\040\034\000A\000d\000j\000a\000c\000e\000n\000c\000y\000L\000i\000s\000t\040\035}{section.3.3}% 23
\BOOKMARK [2][-]{subsection.3.3.2}{\376\377\004\032\004\073\004\060\004\101\004\101\000\040\040\034\000M\000a\000t\000e\000r\000i\000a\000l\000i\000z\000e\000d\000P\000a\000t\000h\040\035}{section.3.3}% 24
\BOOKMARK [2][-]{subsection.3.3.3}{\376\377\004\032\004\073\004\060\004\101\004\101\000\040\040\034\000N\000e\000s\000t\000e\000d\000S\000e\000t\000s\040\035}{section.3.3}% 25
\BOOKMARK [2][-]{subsection.3.3.4}{\376\377\004\032\004\073\004\060\004\101\004\101\000\040\040\034\000C\000l\000o\000s\000u\000r\000e\000T\000a\000b\000l\000e\040\035}{section.3.3}% 26
\BOOKMARK [1][-]{section.3.4}{\376\377\004\042\004\065\004\101\004\102\004\070\004\100\004\076\004\062\004\060\004\075\004\070\004\065\000\040\004\100\004\065\004\060\004\073\004\070\004\067\004\076\004\062\004\060\004\075\004\075\004\113\004\105\000\040\004\072\004\073\004\060\004\101\004\101\004\076\004\062}{chapter.3}% 27
\BOOKMARK [2][-]{subsection.3.4.1}{\376\377\004\044\004\076\004\100\004\074\004\070\004\100\004\076\004\062\004\060\004\075\004\070\004\065\000\040\004\062\004\113\004\061\004\076\004\100\004\076\004\072\000\040\004\070\004\067\000\040\004\061\004\060\004\067\004\113\000\040\004\064\004\060\004\075\004\075\004\113\004\105}{section.3.4}% 28
\BOOKMARK [2][-]{subsection.3.4.2}{\376\377\004\040\004\060\004\067\004\100\004\060\004\061\004\076\004\102\004\072\004\060\000\040\004\102\004\065\004\101\004\102\004\076\004\062\000\040\004\064\004\073\004\117\000\040\004\100\004\060\004\067\004\073\004\070\004\107\004\075\004\113\004\105\000\040\004\101\004\102\004\100\004\103\004\072\004\102\004\103\004\100}{section.3.4}% 29
\BOOKMARK [1][-]{section.3.5}{\376\377\004\022\004\113\004\062\004\076\004\064\004\113\000\040\004\077\004\076\000\040\004\063\004\073\004\060\004\062\004\065}{chapter.3}% 30
\BOOKMARK [0][-]{chapter*.42}{\376\377\004\027\004\060\004\072\004\073\004\116\004\107\004\065\004\075\004\070\004\065}{}% 31
\BOOKMARK [0][-]{chapter*.43}{\376\377\004\033\004\070\004\102\004\065\004\100\004\060\004\102\004\103\004\100\004\060}{}% 32
\BOOKMARK [0][-]{chapter*.43}{\376\377\004\037\004\100\004\070\004\073\004\076\004\066\004\065\004\075\004\070\004\065\000\040\0001}{}% 33
